Start testing: May 05 00:21 CST
----------------------------------------------------------
2/2 Testing: time_based_timer_test
2/2 Test: time_based_timer_test
Command: "/home/breeze/exercise/timer/bin/time_based_timer_test"
Directory: /home/breeze/exercise/timer/build/test/time_based_timer
"time_based_timer_test" start time: May 05 00:21 CST
Output:
----------------------------------------------------------
<end of output>
Test time =   0.00 sec
----------------------------------------------------------
Test Passed.
"time_based_timer_test" end time: May 05 00:21 CST
"time_based_timer_test" time elapsed: 00:00:00
----------------------------------------------------------

End testing: May 05 00:21 CST
