<?xml version="1.0" encoding="UTF-8"?>
<Site BuildName="(empty)"
	BuildStamp="20240504-1524-Experimental"
	Name="(empty)"
	Generator="ctest-3.22.1"
	CompilerName=""
	CompilerVersion=""
	OSName="Linux"
	Hostname="ubuntu64"
	OSRelease="5.15.0-92-generic"
	OSVersion="#102-Ubuntu SMP Wed Jan 10 09:33:48 UTC 2024"
	OSPlatform="x86_64"
	Is64Bits="1"
	VendorString="GenuineIntel"
	VendorID="Intel Corporation"
	FamilyID="6"
	ModelID="85"
	ProcessorCacheSize="30976"
	NumberOfLogicalCPU="8"
	NumberOfPhysicalCPU="4"
	TotalVirtualMemory="0"
	TotalPhysicalMemory="15604"
	LogicalProcessorsPerPhysical="2"
	ProcessorClockFrequency="2200"
	>
	<Testing>
		<StartDateTime>May 05 00:21 CST</StartDateTime>
		<StartTestTime>1714839661</StartTestTime>
		<TestList>
			<Test>./test/time_based_timer/time_based_timer_test</Test>
		</TestList>
		<Test Status="passed">
			<Name>time_based_timer_test</Name>
			<Path>./test/time_based_timer</Path>
			<FullName>./test/time_based_timer/time_based_timer_test</FullName>
			<FullCommandLine>/home/breeze/exercise/timer/bin/time_based_timer_test</FullCommandLine>
			<Results>
				<NamedMeasurement type="numeric/double" name="Execution Time">
					<Value>0.00288071</Value>
				</NamedMeasurement>
				<NamedMeasurement type="numeric/double" name="Processors">
					<Value>1</Value>
				</NamedMeasurement>
				<NamedMeasurement type="text/string" name="Completion Status">
					<Value>Completed</Value>
				</NamedMeasurement>
				<NamedMeasurement type="text/string" name="Command Line">
					<Value>/home/breeze/exercise/timer/bin/time_based_timer_test</Value>
				</NamedMeasurement>
				<NamedMeasurement type="text/string" name="Environment">
					<Value>#CTEST_RESOURCE_GROUP_COUNT=</Value>
				</NamedMeasurement>
				<Measurement>
					<Value></Value>
				</Measurement>
			</Results>
		</Test>
		<EndDateTime>May 05 00:21 CST</EndDateTime>
		<EndTestTime>1714839661</EndTestTime>
		<ElapsedMinutes>0</ElapsedMinutes>
	</Testing>
</Site>
